<?xml version="1.0" encoding="UTF-8"?>
<!-- Generated by org.testng.reporters.JUnitReportReporter -->
<testsuite hostname="LAPTOP-19REGF7L" failures="0" tests="1" name="sumValidationOne" time="1.205" errors="0" timestamp="2020-11-06T12:37:54 IST" skipped="0">
  <testcase classname="sumValidationOne" name="sumVal" time="1.205"/>
  <system-out/>
</testsuite> <!-- sumValidationOne -->
