<?xml version="1.0" encoding="UTF-8"?>
<!-- Generated by org.testng.reporters.JUnitReportReporter -->
<testsuite hostname="LAPTOP-19REGF7L" failures="0" tests="1" name="SumValidation" time="1.187" errors="0" timestamp="2020-11-06T12:36:52 IST" skipped="0">
  <testcase classname="SumValidation" name="sumOfCourses" time="1.187"/>
  <system-out/>
</testsuite> <!-- SumValidation -->
